# JRE version: Java(TM) SE Runtime Environment (8.0_211-b12) (build 1.8.0_211-b12)
# Java VM: Java HotSpot(TM) 64-Bit Server VM (25.211-b12 mixed mode windows-amd64 compressed oops)
Heap:
 PSYoungGen      total 456704K, used 399764K [0x000000076b580000, 0x000000078e100000, 0x00000007c0000000)
  eden space 428544K, 90% used [0x000000076b580000,0x0000000782e4f370,0x0000000785800000)
  from space 28160K, 49% used [0x0000000785800000,0x0000000786595d20,0x0000000787380000)
  to   space 27136K, 0% used [0x000000078c680000,0x000000078c680000,0x000000078e100000)
 ParOldGen       total 270848K, used 51064K [0x00000006c2000000, 0x00000006d2880000, 0x000000076b580000)
  object space 270848K, 18% used [0x00000006c2000000,0x00000006c51de0b8,0x00000006d2880000)
 Metaspace       used 70588K, capacity 73800K, committed 74072K, reserved 1114112K
  class space    used 9493K, capacity 10066K, committed 10112K, reserved 1048576K
GC Heap History (10 events):
Event: 14.176 GC heap before
{Heap before GC invocations=12 (full 2):
 PSYoungGen      total 292864K, used 292835K [0x000000076b580000, 0x0000000782880000, 0x00000007c0000000)
  eden space 278016K, 100% used [0x000000076b580000,0x000000077c500000,0x000000077c500000)
  from space 14848K, 99% used [0x000000077c500000,0x000000077d378e80,0x000000077d380000)
  to   space 17408K, 0% used [0x0000000781780000,0x0000000781780000,0x0000000782880000)
 ParOldGen       total 178688K, used 26559K [0x00000006c2000000, 0x00000006cce80000, 0x000000076b580000)
  object space 178688K, 14% used [0x00000006c2000000,0x00000006c39efd48,0x00000006cce80000)
 Metaspace       used 47820K, capacity 49826K, committed 49920K, reserved 1091584K
  class space    used 6523K, capacity 6897K, committed 6912K, reserved 1048576K
Event: 14.191 GC heap after
Heap after GC invocations=12 (full 2):
 PSYoungGen      total 358400K, used 17400K [0x000000076b580000, 0x0000000783200000, 0x00000007c0000000)
  eden space 340992K, 0% used [0x000000076b580000,0x000000076b580000,0x0000000780280000)
  from space 17408K, 99% used [0x0000000781780000,0x000000078287e040,0x0000000782880000)
  to   space 21504K, 0% used [0x0000000780280000,0x0000000780280000,0x0000000781780000)
 ParOldGen       total 178688K, used 32208K [0x00000006c2000000, 0x00000006cce80000, 0x000000076b580000)
  object space 178688K, 18% used [0x00000006c2000000,0x00000006c3f743e8,0x00000006cce80000)
 Metaspace       used 47820K, capacity 49826K, committed 49920K, reserved 1091584K
  class space    used 6523K, capacity 6897K, committed 6912K, reserved 1048576K
}
Event: 16.217 GC heap before
{Heap before GC invocations=13 (full 2):
 PSYoungGen      total 358400K, used 358392K [0x000000076b580000, 0x0000000783200000, 0x00000007c0000000)
  eden space 340992K, 100% used [0x000000076b580000,0x0000000780280000,0x0000000780280000)
  from space 17408K, 99% used [0x0000000781780000,0x000000078287e040,0x0000000782880000)
  to   space 21504K, 0% used [0x0000000780280000,0x0000000780280000,0x0000000781780000)
 ParOldGen       total 178688K, used 32208K [0x00000006c2000000, 0x00000006cce80000, 0x000000076b580000)
  object space 178688K, 18% used [0x00000006c2000000,0x00000006c3f743e8,0x00000006cce80000)
 Metaspace       used 54412K, capacity 56706K, committed 56832K, reserved 1097728K
  class space    used 7417K, capacity 7873K, committed 7936K, reserved 1048576K
Event: 16.239 GC heap after
Heap after GC invocations=13 (full 2):
 PSYoungGen      total 362496K, used 21481K [0x000000076b580000, 0x0000000788f00000, 0x00000007c0000000)
  eden space 340992K, 0% used [0x000000076b580000,0x000000076b580000,0x0000000780280000)
  from space 21504K, 99% used [0x0000000780280000,0x000000078177a778,0x0000000781780000)
  to   space 28160K, 0% used [0x0000000787380000,0x0000000787380000,0x0000000788f00000)
 ParOldGen       total 178688K, used 42974K [0x00000006c2000000, 0x00000006cce80000, 0x000000076b580000)
  object space 178688K, 24% used [0x00000006c2000000,0x00000006c49f7878,0x00000006cce80000)
 Metaspace       used 54412K, capacity 56706K, committed 56832K, reserved 1097728K
  class space    used 7417K, capacity 7873K, committed 7936K, reserved 1048576K
}
Event: 17.850 GC heap before
{Heap before GC invocations=14 (full 2):
 PSYoungGen      total 362496K, used 321587K [0x000000076b580000, 0x0000000788f00000, 0x00000007c0000000)
  eden space 340992K, 88% used [0x000000076b580000,0x000000077da926c8,0x0000000780280000)
  from space 21504K, 99% used [0x0000000780280000,0x000000078177a778,0x0000000781780000)
  to   space 28160K, 0% used [0x0000000787380000,0x0000000787380000,0x0000000788f00000)
 ParOldGen       total 178688K, used 42974K [0x00000006c2000000, 0x00000006cce80000, 0x000000076b580000)
  object space 178688K, 24% used [0x00000006c2000000,0x00000006c49f7878,0x00000006cce80000)
 Metaspace       used 56620K, capacity 59062K, committed 59096K, reserved 1099776K
  class space    used 7713K, capacity 8184K, committed 8192K, reserved 1048576K
Event: 17.869 GC heap after
Heap after GC invocations=14 (full 2):
 PSYoungGen      total 456704K, used 17549K [0x000000076b580000, 0x0000000789200000, 0x00000007c0000000)
  eden space 428544K, 0% used [0x000000076b580000,0x000000076b580000,0x0000000785800000)
  from space 28160K, 62% used [0x0000000787380000,0x00000007884a3720,0x0000000788f00000)
  to   space 28160K, 0% used [0x0000000785800000,0x0000000785800000,0x0000000787380000)
 ParOldGen       total 178688K, used 54667K [0x00000006c2000000, 0x00000006cce80000, 0x000000076b580000)
  object space 178688K, 30% used [0x00000006c2000000,0x00000006c5562c68,0x00000006cce80000)
 Metaspace       used 56620K, capacity 59062K, committed 59096K, reserved 1099776K
  class space    used 7713K, capacity 8184K, committed 8192K, reserved 1048576K
}
Event: 17.869 GC heap before
{Heap before GC invocations=15 (full 3):
 PSYoungGen      total 456704K, used 17549K [0x000000076b580000, 0x0000000789200000, 0x00000007c0000000)
  eden space 428544K, 0% used [0x000000076b580000,0x000000076b580000,0x0000000785800000)
  from space 28160K, 62% used [0x0000000787380000,0x00000007884a3720,0x0000000788f00000)
  to   space 28160K, 0% used [0x0000000785800000,0x0000000785800000,0x0000000787380000)
 ParOldGen       total 178688K, used 54667K [0x00000006c2000000, 0x00000006cce80000, 0x000000076b580000)
  object space 178688K, 30% used [0x00000006c2000000,0x00000006c5562c68,0x00000006cce80000)
 Metaspace       used 56620K, capacity 59062K, committed 59096K, reserved 1099776K
  class space    used 7713K, capacity 8184K, committed 8192K, reserved 1048576K
Event: 18.066 GC heap after
Heap after GC invocations=15 (full 3):
 PSYoungGen      total 456704K, used 0K [0x000000076b580000, 0x0000000789200000, 0x00000007c0000000)
  eden space 428544K, 0% used [0x000000076b580000,0x000000076b580000,0x0000000785800000)
  from space 28160K, 0% used [0x0000000787380000,0x0000000787380000,0x0000000788f00000)
  to   space 28160K, 0% used [0x0000000785800000,0x0000000785800000,0x0000000787380000)
 ParOldGen       total 270848K, used 51056K [0x00000006c2000000, 0x00000006d2880000, 0x000000076b580000)
  object space 270848K, 18% used [0x00000006c2000000,0x00000006c51dc0b8,0x00000006d2880000)
 Metaspace       used 56620K, capacity 59062K, committed 59096K, reserved 1099776K
  class space    used 7713K, capacity 8184K, committed 8192K, reserved 1048576K
}
Event: 20.497 GC heap before
{Heap before GC invocations=16 (full 3):
 PSYoungGen      total 456704K, used 428544K [0x000000076b580000, 0x0000000789200000, 0x00000007c0000000)
  eden space 428544K, 100% used [0x000000076b580000,0x0000000785800000,0x0000000785800000)
  from space 28160K, 0% used [0x0000000787380000,0x0000000787380000,0x0000000788f00000)
  to   space 28160K, 0% used [0x0000000785800000,0x0000000785800000,0x0000000787380000)
 ParOldGen       total 270848K, used 51056K [0x00000006c2000000, 0x00000006d2880000, 0x000000076b580000)
  object space 270848K, 18% used [0x00000006c2000000,0x00000006c51dc0b8,0x00000006d2880000)
 Metaspace       used 62993K, capacity 65852K, committed 65880K, reserved 1105920K
  class space    used 8547K, capacity 9064K, committed 9088K, reserved 1048576K
Event: 20.509 GC heap after
Heap after GC invocations=16 (full 3):
 PSYoungGen      total 456704K, used 13911K [0x000000076b580000, 0x000000078e100000, 0x00000007c0000000)
  eden space 428544K, 0% used [0x000000076b580000,0x000000076b580000,0x0000000785800000)
  from space 28160K, 49% used [0x0000000785800000,0x0000000786595d20,0x0000000787380000)
  to   space 27136K, 0% used [0x000000078c680000,0x000000078c680000,0x000000078e100000)
 ParOldGen       total 270848K, used 51064K [0x00000006c2000000, 0x00000006d2880000, 0x000000076b580000)
  object space 270848K, 18% used [0x00000006c2000000,0x00000006c51de0b8,0x00000006d2880000)
 Metaspace       used 62993K, capacity 65852K, committed 65880K, reserved 1105920K
  class space    used 8547K, capacity 9064K, committed 9088K, reserved 1048576K
}

