# JRE version: Java(TM) SE Runtime Environment (8.0_211-b12) (build 1.8.0_211-b12)
# Java VM: Java HotSpot(TM) 64-Bit Server VM (25.211-b12 mixed mode windows-amd64 compressed oops)
Heap:
 PSYoungGen      total 274432K, used 200011K [0x000000076b580000, 0x000000077fc00000, 0x00000007c0000000)
  eden space 259072K, 71% used [0x000000076b580000,0x0000000776b348c0,0x000000077b280000)
  from space 15360K, 90% used [0x000000077b280000,0x000000077c01e6b0,0x000000077c180000)
  to   space 16896K, 0% used [0x000000077eb80000,0x000000077eb80000,0x000000077fc00000)
 ParOldGen       total 105472K, used 34396K [0x00000006c2000000, 0x00000006c8700000, 0x000000076b580000)
  object space 105472K, 32% used [0x00000006c2000000,0x00000006c4197190,0x00000006c8700000)
 Metaspace       used 51536K, capacity 53649K, committed 53888K, reserved 1095680K
  class space    used 7030K, capacity 7417K, committed 7552K, reserved 1048576K
GC Heap History (10 events):
Event: 9.903 GC heap before
{Heap before GC invocations=12 (full 2):
 PSYoungGen      total 186368K, used 171008K [0x000000076b580000, 0x000000077d100000, 0x00000007c0000000)
  eden space 171008K, 100% used [0x000000076b580000,0x0000000775c80000,0x0000000775c80000)
  from space 15360K, 0% used [0x0000000775c80000,0x0000000775c80000,0x0000000776b80000)
  to   space 15872K, 0% used [0x000000077c180000,0x000000077c180000,0x000000077d100000)
 ParOldGen       total 105472K, used 19435K [0x00000006c2000000, 0x00000006c8700000, 0x000000076b580000)
  object space 105472K, 18% used [0x00000006c2000000,0x00000006c32fad68,0x00000006c8700000)
 Metaspace       used 36299K, capacity 37723K, committed 37760K, reserved 1081344K
  class space    used 4933K, capacity 5236K, committed 5248K, reserved 1048576K
Event: 9.909 GC heap after
Heap after GC invocations=12 (full 2):
 PSYoungGen      total 267264K, used 8139K [0x000000076b580000, 0x000000077cd00000, 0x00000007c0000000)
  eden space 255488K, 0% used [0x000000076b580000,0x000000076b580000,0x000000077af00000)
  from space 11776K, 69% used [0x000000077c180000,0x000000077c972c98,0x000000077cd00000)
  to   space 15360K, 0% used [0x000000077af00000,0x000000077af00000,0x000000077be00000)
 ParOldGen       total 105472K, used 19443K [0x00000006c2000000, 0x00000006c8700000, 0x000000076b580000)
  object space 105472K, 18% used [0x00000006c2000000,0x00000006c32fcd68,0x00000006c8700000)
 Metaspace       used 36299K, capacity 37723K, committed 37760K, reserved 1081344K
  class space    used 4933K, capacity 5236K, committed 5248K, reserved 1048576K
}
Event: 10.281 GC heap before
{Heap before GC invocations=13 (full 2):
 PSYoungGen      total 267264K, used 112231K [0x000000076b580000, 0x000000077cd00000, 0x00000007c0000000)
  eden space 255488K, 40% used [0x000000076b580000,0x0000000771b27250,0x000000077af00000)
  from space 11776K, 69% used [0x000000077c180000,0x000000077c972c98,0x000000077cd00000)
  to   space 15360K, 0% used [0x000000077af00000,0x000000077af00000,0x000000077be00000)
 ParOldGen       total 105472K, used 19443K [0x00000006c2000000, 0x00000006c8700000, 0x000000076b580000)
  object space 105472K, 18% used [0x00000006c2000000,0x00000006c32fcd68,0x00000006c8700000)
 Metaspace       used 37910K, capacity 39347K, committed 39552K, reserved 1083392K
  class space    used 5203K, capacity 5486K, committed 5504K, reserved 1048576K
Event: 10.287 GC heap after
Heap after GC invocations=13 (full 2):
 PSYoungGen      total 270848K, used 9073K [0x000000076b580000, 0x000000077cd00000, 0x00000007c0000000)
  eden space 255488K, 0% used [0x000000076b580000,0x000000076b580000,0x000000077af00000)
  from space 15360K, 59% used [0x000000077af00000,0x000000077b7dc7e0,0x000000077be00000)
  to   space 11776K, 0% used [0x000000077c180000,0x000000077c180000,0x000000077cd00000)
 ParOldGen       total 105472K, used 19443K [0x00000006c2000000, 0x00000006c8700000, 0x000000076b580000)
  object space 105472K, 18% used [0x00000006c2000000,0x00000006c32fcd68,0x00000006c8700000)
 Metaspace       used 37910K, capacity 39347K, committed 39552K, reserved 1083392K
  class space    used 5203K, capacity 5486K, committed 5504K, reserved 1048576K
}
Event: 10.287 GC heap before
{Heap before GC invocations=14 (full 3):
 PSYoungGen      total 270848K, used 9073K [0x000000076b580000, 0x000000077cd00000, 0x00000007c0000000)
  eden space 255488K, 0% used [0x000000076b580000,0x000000076b580000,0x000000077af00000)
  from space 15360K, 59% used [0x000000077af00000,0x000000077b7dc7e0,0x000000077be00000)
  to   space 11776K, 0% used [0x000000077c180000,0x000000077c180000,0x000000077cd00000)
 ParOldGen       total 105472K, used 19443K [0x00000006c2000000, 0x00000006c8700000, 0x000000076b580000)
  object space 105472K, 18% used [0x00000006c2000000,0x00000006c32fcd68,0x00000006c8700000)
 Metaspace       used 37910K, capacity 39347K, committed 39552K, reserved 1083392K
  class space    used 5203K, capacity 5486K, committed 5504K, reserved 1048576K
Event: 10.477 GC heap after
Heap after GC invocations=14 (full 3):
 PSYoungGen      total 270848K, used 0K [0x000000076b580000, 0x000000077cd00000, 0x00000007c0000000)
  eden space 255488K, 0% used [0x000000076b580000,0x000000076b580000,0x000000077af00000)
  from space 15360K, 0% used [0x000000077af00000,0x000000077af00000,0x000000077be00000)
  to   space 11776K, 0% used [0x000000077c180000,0x000000077c180000,0x000000077cd00000)
 ParOldGen       total 105472K, used 26526K [0x00000006c2000000, 0x00000006c8700000, 0x000000076b580000)
  object space 105472K, 25% used [0x00000006c2000000,0x00000006c39e7b48,0x00000006c8700000)
 Metaspace       used 37910K, capacity 39347K, committed 39552K, reserved 1083392K
  class space    used 5203K, capacity 5486K, committed 5504K, reserved 1048576K
}
Event: 11.518 GC heap before
{Heap before GC invocations=15 (full 3):
 PSYoungGen      total 270848K, used 255488K [0x000000076b580000, 0x000000077cd00000, 0x00000007c0000000)
  eden space 255488K, 100% used [0x000000076b580000,0x000000077af00000,0x000000077af00000)
  from space 15360K, 0% used [0x000000077af00000,0x000000077af00000,0x000000077be00000)
  to   space 11776K, 0% used [0x000000077c180000,0x000000077c180000,0x000000077cd00000)
 ParOldGen       total 105472K, used 26526K [0x00000006c2000000, 0x00000006c8700000, 0x000000076b580000)
  object space 105472K, 25% used [0x00000006c2000000,0x00000006c39e7b48,0x00000006c8700000)
 Metaspace       used 44226K, capacity 45909K, committed 46208K, reserved 1089536K
  class space    used 6038K, capacity 6401K, committed 6528K, reserved 1048576K
Event: 11.528 GC heap after
Heap after GC invocations=15 (full 3):
 PSYoungGen      total 270848K, used 11759K [0x000000076b580000, 0x000000077fb00000, 0x00000007c0000000)
  eden space 259072K, 0% used [0x000000076b580000,0x000000076b580000,0x000000077b280000)
  from space 11776K, 99% used [0x000000077c180000,0x000000077ccfbc40,0x000000077cd00000)
  to   space 15360K, 0% used [0x000000077b280000,0x000000077b280000,0x000000077c180000)
 ParOldGen       total 105472K, used 27235K [0x00000006c2000000, 0x00000006c8700000, 0x000000076b580000)
  object space 105472K, 25% used [0x00000006c2000000,0x00000006c3a98e08,0x00000006c8700000)
 Metaspace       used 44226K, capacity 45909K, committed 46208K, reserved 1089536K
  class space    used 6038K, capacity 6401K, committed 6528K, reserved 1048576K
}
Event: 12.652 GC heap before
{Heap before GC invocations=16 (full 3):
 PSYoungGen      total 270848K, used 270831K [0x000000076b580000, 0x000000077fb00000, 0x00000007c0000000)
  eden space 259072K, 100% used [0x000000076b580000,0x000000077b280000,0x000000077b280000)
  from space 11776K, 99% used [0x000000077c180000,0x000000077ccfbc40,0x000000077cd00000)
  to   space 15360K, 0% used [0x000000077b280000,0x000000077b280000,0x000000077c180000)
 ParOldGen       total 105472K, used 27235K [0x00000006c2000000, 0x00000006c8700000, 0x000000076b580000)
  object space 105472K, 25% used [0x00000006c2000000,0x00000006c3a98e08,0x00000006c8700000)
 Metaspace       used 49578K, capacity 51551K, committed 51712K, reserved 1093632K
  class space    used 6743K, capacity 7128K, committed 7168K, reserved 1048576K
Event: 12.661 GC heap after
Heap after GC invocations=16 (full 3):
 PSYoungGen      total 274432K, used 13945K [0x000000076b580000, 0x000000077fc00000, 0x00000007c0000000)
  eden space 259072K, 0% used [0x000000076b580000,0x000000076b580000,0x000000077b280000)
  from space 15360K, 90% used [0x000000077b280000,0x000000077c01e6b0,0x000000077c180000)
  to   space 16896K, 0% used [0x000000077eb80000,0x000000077eb80000,0x000000077fc00000)
 ParOldGen       total 105472K, used 34396K [0x00000006c2000000, 0x00000006c8700000, 0x000000076b580000)
  object space 105472K, 32% used [0x00000006c2000000,0x00000006c4197190,0x00000006c8700000)
 Metaspace       used 49578K, capacity 51551K, committed 51712K, reserved 1093632K
  class space    used 6743K, capacity 7128K, committed 7168K, reserved 1048576K
}

