# JRE version: Java(TM) SE Runtime Environment (8.0_211-b12) (build 1.8.0_211-b12)
# Java VM: Java HotSpot(TM) 64-Bit Server VM (25.211-b12 mixed mode windows-amd64 compressed oops)
Heap:
 PSYoungGen      total 305152K, used 276428K [0x000000076b580000, 0x0000000784100000, 0x00000007c0000000)
  eden space 290304K, 90% used [0x000000076b580000,0x000000077b4f3298,0x000000077d100000)
  from space 14848K, 99% used [0x000000077d100000,0x000000077df7ff50,0x000000077df80000)
  to   space 17920K, 0% used [0x0000000782f80000,0x0000000782f80000,0x0000000784100000)
 ParOldGen       total 176640K, used 27584K [0x00000006c2000000, 0x00000006ccc80000, 0x000000076b580000)
  object space 176640K, 15% used [0x00000006c2000000,0x00000006c3af0210,0x00000006ccc80000)
 Metaspace       used 47982K, capacity 49986K, committed 50304K, reserved 1093632K
  class space    used 6548K, capacity 6929K, committed 7040K, reserved 1048576K
GC Heap History (10 events):
Event: 6.794 GC heap before
{Heap before GC invocations=7 (full 1):
 PSYoungGen      total 140800K, used 136991K [0x000000076b580000, 0x0000000778f00000, 0x00000007c0000000)
  eden space 130048K, 100% used [0x000000076b580000,0x0000000773480000,0x0000000773480000)
  from space 10752K, 64% used [0x0000000773480000,0x0000000773b47cd8,0x0000000773f00000)
  to   space 9728K, 0% used [0x0000000778580000,0x0000000778580000,0x0000000778f00000)
 ParOldGen       total 101888K, used 8525K [0x00000006c2000000, 0x00000006c8380000, 0x000000076b580000)
  object space 101888K, 8% used [0x00000006c2000000,0x00000006c28536a0,0x00000006c8380000)
 Metaspace       used 31118K, capacity 32202K, committed 32512K, reserved 1077248K
  class space    used 4242K, capacity 4493K, committed 4608K, reserved 1048576K
Event: 6.799 GC heap after
Heap after GC invocations=7 (full 1):
 PSYoungGen      total 205824K, used 9703K [0x000000076b580000, 0x0000000778f00000, 0x00000007c0000000)
  eden space 196096K, 0% used [0x000000076b580000,0x000000076b580000,0x0000000777500000)
  from space 9728K, 99% used [0x0000000778580000,0x0000000778ef9f08,0x0000000778f00000)
  to   space 10752K, 0% used [0x0000000777a00000,0x0000000777a00000,0x0000000778480000)
 ParOldGen       total 101888K, used 8661K [0x00000006c2000000, 0x00000006c8380000, 0x000000076b580000)
  object space 101888K, 8% used [0x00000006c2000000,0x00000006c28755b8,0x00000006c8380000)
 Metaspace       used 31118K, capacity 32202K, committed 32512K, reserved 1077248K
  class space    used 4242K, capacity 4493K, committed 4608K, reserved 1048576K
}
Event: 8.704 GC heap before
{Heap before GC invocations=8 (full 1):
 PSYoungGen      total 205824K, used 172504K [0x000000076b580000, 0x0000000778f00000, 0x00000007c0000000)
  eden space 196096K, 83% used [0x000000076b580000,0x000000077547c330,0x0000000777500000)
  from space 9728K, 99% used [0x0000000778580000,0x0000000778ef9f08,0x0000000778f00000)
  to   space 10752K, 0% used [0x0000000777a00000,0x0000000777a00000,0x0000000778480000)
 ParOldGen       total 101888K, used 8661K [0x00000006c2000000, 0x00000006c8380000, 0x000000076b580000)
  object space 101888K, 8% used [0x00000006c2000000,0x00000006c28755b8,0x00000006c8380000)
 Metaspace       used 34010K, capacity 35302K, committed 35456K, reserved 1079296K
  class space    used 4600K, capacity 4879K, committed 4992K, reserved 1048576K
Event: 8.715 GC heap after
Heap after GC invocations=8 (full 1):
 PSYoungGen      total 211968K, used 10734K [0x000000076b580000, 0x000000077f080000, 0x00000007c0000000)
  eden space 201216K, 0% used [0x000000076b580000,0x000000076b580000,0x0000000777a00000)
  from space 10752K, 99% used [0x0000000777a00000,0x000000077847b820,0x0000000778480000)
  to   space 15360K, 0% used [0x000000077e180000,0x000000077e180000,0x000000077f080000)
 ParOldGen       total 101888K, used 16197K [0x00000006c2000000, 0x00000006c8380000, 0x000000076b580000)
  object space 101888K, 15% used [0x00000006c2000000,0x00000006c2fd1680,0x00000006c8380000)
 Metaspace       used 34010K, capacity 35302K, committed 35456K, reserved 1079296K
  class space    used 4600K, capacity 4879K, committed 4992K, reserved 1048576K
}
Event: 8.715 GC heap before
{Heap before GC invocations=9 (full 2):
 PSYoungGen      total 211968K, used 10734K [0x000000076b580000, 0x000000077f080000, 0x00000007c0000000)
  eden space 201216K, 0% used [0x000000076b580000,0x000000076b580000,0x0000000777a00000)
  from space 10752K, 99% used [0x0000000777a00000,0x000000077847b820,0x0000000778480000)
  to   space 15360K, 0% used [0x000000077e180000,0x000000077e180000,0x000000077f080000)
 ParOldGen       total 101888K, used 16197K [0x00000006c2000000, 0x00000006c8380000, 0x000000076b580000)
  object space 101888K, 15% used [0x00000006c2000000,0x00000006c2fd1680,0x00000006c8380000)
 Metaspace       used 34010K, capacity 35302K, committed 35456K, reserved 1079296K
  class space    used 4600K, capacity 4879K, committed 4992K, reserved 1048576K
Event: 8.793 GC heap after
Heap after GC invocations=9 (full 2):
 PSYoungGen      total 211968K, used 0K [0x000000076b580000, 0x000000077f080000, 0x00000007c0000000)
  eden space 201216K, 0% used [0x000000076b580000,0x000000076b580000,0x0000000777a00000)
  from space 10752K, 0% used [0x0000000777a00000,0x0000000777a00000,0x0000000778480000)
  to   space 15360K, 0% used [0x000000077e180000,0x000000077e180000,0x000000077f080000)
 ParOldGen       total 176640K, used 23882K [0x00000006c2000000, 0x00000006ccc80000, 0x000000076b580000)
  object space 176640K, 13% used [0x00000006c2000000,0x00000006c3752820,0x00000006ccc80000)
 Metaspace       used 34010K, capacity 35302K, committed 35456K, reserved 1079296K
  class space    used 4600K, capacity 4879K, committed 4992K, reserved 1048576K
}
Event: 9.288 GC heap before
{Heap before GC invocations=10 (full 2):
 PSYoungGen      total 211968K, used 201216K [0x000000076b580000, 0x000000077f080000, 0x00000007c0000000)
  eden space 201216K, 100% used [0x000000076b580000,0x0000000777a00000,0x0000000777a00000)
  from space 10752K, 0% used [0x0000000777a00000,0x0000000777a00000,0x0000000778480000)
  to   space 15360K, 0% used [0x000000077e180000,0x000000077e180000,0x000000077f080000)
 ParOldGen       total 176640K, used 23882K [0x00000006c2000000, 0x00000006ccc80000, 0x000000076b580000)
  object space 176640K, 13% used [0x00000006c2000000,0x00000006c3752820,0x00000006ccc80000)
 Metaspace       used 36406K, capacity 37800K, committed 38016K, reserved 1081344K
  class space    used 4953K, capacity 5236K, committed 5248K, reserved 1048576K
Event: 9.295 GC heap after
Heap after GC invocations=10 (full 2):
 PSYoungGen      total 303104K, used 9567K [0x000000076b580000, 0x000000077ee00000, 0x00000007c0000000)
  eden space 290304K, 0% used [0x000000076b580000,0x000000076b580000,0x000000077d100000)
  from space 12800K, 74% used [0x000000077e180000,0x000000077ead7c78,0x000000077ee00000)
  to   space 14848K, 0% used [0x000000077d100000,0x000000077d100000,0x000000077df80000)
 ParOldGen       total 176640K, used 23890K [0x00000006c2000000, 0x00000006ccc80000, 0x000000076b580000)
  object space 176640K, 13% used [0x00000006c2000000,0x00000006c3754820,0x00000006ccc80000)
 Metaspace       used 36406K, capacity 37800K, committed 38016K, reserved 1081344K
  class space    used 4953K, capacity 5236K, committed 5248K, reserved 1048576K
}
Event: 10.287 GC heap before
{Heap before GC invocations=11 (full 2):
 PSYoungGen      total 303104K, used 299871K [0x000000076b580000, 0x000000077ee00000, 0x00000007c0000000)
  eden space 290304K, 100% used [0x000000076b580000,0x000000077d100000,0x000000077d100000)
  from space 12800K, 74% used [0x000000077e180000,0x000000077ead7c78,0x000000077ee00000)
  to   space 14848K, 0% used [0x000000077d100000,0x000000077d100000,0x000000077df80000)
 ParOldGen       total 176640K, used 23890K [0x00000006c2000000, 0x00000006ccc80000, 0x000000076b580000)
  object space 176640K, 13% used [0x00000006c2000000,0x00000006c3754820,0x00000006ccc80000)
 Metaspace       used 42983K, capacity 44580K, committed 44672K, reserved 1087488K
  class space    used 5900K, capacity 6248K, committed 6272K, reserved 1048576K
Event: 10.297 GC heap after
Heap after GC invocations=11 (full 2):
 PSYoungGen      total 305152K, used 14847K [0x000000076b580000, 0x0000000784100000, 0x00000007c0000000)
  eden space 290304K, 0% used [0x000000076b580000,0x000000076b580000,0x000000077d100000)
  from space 14848K, 99% used [0x000000077d100000,0x000000077df7ff50,0x000000077df80000)
  to   space 17920K, 0% used [0x0000000782f80000,0x0000000782f80000,0x0000000784100000)
 ParOldGen       total 176640K, used 27584K [0x00000006c2000000, 0x00000006ccc80000, 0x000000076b580000)
  object space 176640K, 15% used [0x00000006c2000000,0x00000006c3af0210,0x00000006ccc80000)
 Metaspace       used 42983K, capacity 44580K, committed 44672K, reserved 1087488K
  class space    used 5900K, capacity 6248K, committed 6272K, reserved 1048576K
}

